This is pdfTeX, Version 3.141592653-2.6-1.40.25 (MiKTeX 24.1) (preloaded format=pdflatex 2025.9.19)  26 NOV 2025 16:51
entering extended mode
 restricted \write18 enabled.
 file:line:error style messages enabled.
 %&-line parsing enabled.
**c:/Users/zsong/OneDrive/Desktop/LaTex/Physics/Physics_Exam_3/main.tex
(c:/Users/zsong/OneDrive/Desktop/LaTex/Physics/Physics_Exam_3/main.tex
LaTeX2e <2023-11-01> patch level 1
L3 programming layer <2024-01-04>
(C:\Users\zsong\AppData\Local\Programs\MiKTeX\tex/latex/base\article.cls
Document Class: article 2023/05/17 v1.4n Standard LaTeX document class
(C:\Users\zsong\AppData\Local\Programs\MiKTeX\tex/latex/base\size12.clo
File: size12.clo 2023/05/17 v1.4n Standard LaTeX file (size option)
)
\c@part=\count187
\c@section=\count188
\c@subsection=\count189
\c@subsubsection=\count190
\c@paragraph=\count191
\c@subparagraph=\count192
\c@figure=\count193
\c@table=\count194
\abovecaptionskip=\skip48
\belowcaptionskip=\skip49
\bibindent=\dimen140
) (C:\Users\zsong\AppData\Local\Programs\MiKTeX\tex/latex/amsfonts\amssymb.sty
Package: amssymb 2013/01/14 v3.01 AMS font symbols
 (C:\Users\zsong\AppData\Local\Programs\MiKTeX\tex/latex/amsfonts\amsfonts.sty
Package: amsfonts 2013/01/14 v3.01 Basic AMSFonts support
\@emptytoks=\toks17
\symAMSa=\mathgroup4
\symAMSb=\mathgroup5
LaTeX Font Info:    Redeclaring math symbol \hbar on input line 98.
LaTeX Font Info:    Overwriting math alphabet `\mathfrak' in version `bold'
(Font)                  U/euf/m/n --> U/euf/b/n on input line 106.
)) (C:\Users\zsong\AppData\Local\Programs\MiKTeX\tex/latex/geometry\geometry.sty
Package: geometry 2020/01/02 v5.9 Page Geometry
 (C:\Users\zsong\AppData\Local\Programs\MiKTeX\tex/latex/graphics\keyval.sty
Package: keyval 2022/05/29 v1.15 key=value parser (DPC)
\KV@toks@=\toks18
) (C:\Users\zsong\AppData\Local\Programs\MiKTeX\tex/generic/iftex\ifvtex.sty
Package: ifvtex 2019/10/25 v1.7 ifvtex legacy package. Use iftex instead.
 (C:\Users\zsong\AppData\Local\Programs\MiKTeX\tex/generic/iftex\iftex.sty
Package: iftex 2022/02/03 v1.0f TeX engine tests
))
\Gm@cnth=\count195
\Gm@cntv=\count196
\c@Gm@tempcnt=\count197
\Gm@bindingoffset=\dimen141
\Gm@wd@mp=\dimen142
\Gm@odd@mp=\dimen143
\Gm@even@mp=\dimen144
\Gm@layoutwidth=\dimen145
\Gm@layoutheight=\dimen146
\Gm@layouthoffset=\dimen147
\Gm@layoutvoffset=\dimen148
\Gm@dimlist=\toks19
 (C:\Users\zsong\AppData\Local\Programs\MiKTeX\tex/latex/geometry\geometry.cfg)) (C:\Users\zsong\AppData\Local\Programs\MiKTeX\tex/latex/amsmath\amsmath.sty
Package: amsmath 2023/05/13 v2.17o AMS math features
\@mathmargin=\skip50

For additional information on amsmath, use the `?' option.
(C:\Users\zsong\AppData\Local\Programs\MiKTeX\tex/latex/amsmath\amstext.sty
Package: amstext 2021/08/26 v2.01 AMS text
 (C:\Users\zsong\AppData\Local\Programs\MiKTeX\tex/latex/amsmath\amsgen.sty
File: amsgen.sty 1999/11/30 v2.0 generic functions
\@emptytoks=\toks20
\ex@=\dimen149
)) (C:\Users\zsong\AppData\Local\Programs\MiKTeX\tex/latex/amsmath\amsbsy.sty
Package: amsbsy 1999/11/29 v1.2d Bold Symbols
\pmbraise@=\dimen150
) (C:\Users\zsong\AppData\Local\Programs\MiKTeX\tex/latex/amsmath\amsopn.sty
Package: amsopn 2022/04/08 v2.04 operator names
)
\inf@bad=\count198
LaTeX Info: Redefining \frac on input line 234.
\uproot@=\count199
\leftroot@=\count266
LaTeX Info: Redefining \overline on input line 399.
LaTeX Info: Redefining \colon on input line 410.
\classnum@=\count267
\DOTSCASE@=\count268
LaTeX Info: Redefining \ldots on input line 496.
LaTeX Info: Redefining \dots on input line 499.
LaTeX Info: Redefining \cdots on input line 620.
\Mathstrutbox@=\box51
\strutbox@=\box52
LaTeX Info: Redefining \big on input line 722.
LaTeX Info: Redefining \Big on input line 723.
LaTeX Info: Redefining \bigg on input line 724.
LaTeX Info: Redefining \Bigg on input line 725.
\big@size=\dimen151
LaTeX Font Info:    Redeclaring font encoding OML on input line 743.
LaTeX Font Info:    Redeclaring font encoding OMS on input line 744.
\macc@depth=\count269
LaTeX Info: Redefining \bmod on input line 905.
LaTeX Info: Redefining \pmod on input line 910.
LaTeX Info: Redefining \smash on input line 940.
LaTeX Info: Redefining \relbar on input line 970.
LaTeX Info: Redefining \Relbar on input line 971.
\c@MaxMatrixCols=\count270
\dotsspace@=\muskip16
\c@parentequation=\count271
\dspbrk@lvl=\count272
\tag@help=\toks21
\row@=\count273
\column@=\count274
\maxfields@=\count275
\andhelp@=\toks22
\eqnshift@=\dimen152
\alignsep@=\dimen153
\tagshift@=\dimen154
\tagwidth@=\dimen155
\totwidth@=\dimen156
\lineht@=\dimen157
\@envbody=\toks23
\multlinegap=\skip51
\multlinetaggap=\skip52
\mathdisplay@stack=\toks24
LaTeX Info: Redefining \[ on input line 2953.
LaTeX Info: Redefining \] on input line 2954.
) (C:\Users\zsong\AppData\Local\Programs\MiKTeX\tex/latex/tools\bm.sty
Package: bm 2023/07/08 v1.2f Bold Symbol Support (DPC/FMi)
\symboldoperators=\mathgroup6
\symboldletters=\mathgroup7
\symboldsymbols=\mathgroup8
Package bm Info: No bold for \OMX/cmex/m/n, using \pmb.
Package bm Info: No bold for \U/msa/m/n, using \pmb.
Package bm Info: No bold for \U/msb/m/n, using \pmb.
LaTeX Font Info:    Redeclaring math alphabet \mathbf on input line 149.
) (C:\Users\zsong\AppData\Local\Programs\MiKTeX\tex/latex/graphics\graphicx.sty
Package: graphicx 2021/09/16 v1.2d Enhanced LaTeX Graphics (DPC,SPQR)
 (C:\Users\zsong\AppData\Local\Programs\MiKTeX\tex/latex/graphics\graphics.sty
Package: graphics 2022/03/10 v1.4e Standard LaTeX Graphics (DPC,SPQR)
 (C:\Users\zsong\AppData\Local\Programs\MiKTeX\tex/latex/graphics\trig.sty
Package: trig 2021/08/11 v1.11 sin cos tan (DPC)
) (C:\Users\zsong\AppData\Local\Programs\MiKTeX\tex/latex/graphics-cfg\graphics.cfg
File: graphics.cfg 2016/06/04 v1.11 sample graphics configuration
)
Package graphics Info: Driver file: pdftex.def on input line 107.
 (C:\Users\zsong\AppData\Local\Programs\MiKTeX\tex/latex/graphics-def\pdftex.def
File: pdftex.def 2022/09/22 v1.2b Graphics/color driver for pdftex
))
\Gin@req@height=\dimen158
\Gin@req@width=\dimen159
) (C:\Users\zsong\AppData\Local\Programs\MiKTeX\tex/latex/float\float.sty
Package: float 2001/11/08 v1.3d Float enhancements (AL)
\c@float@type=\count276
\float@exts=\toks25
\float@box=\box53
\@float@everytoks=\toks26
\@floatcapt=\box54
) (C:\Users\zsong\AppData\Local\Programs\MiKTeX\tex/latex/tools\multicol.sty
Package: multicol 2023/03/30 v1.9f multicolumn formatting (FMi)
\c@tracingmulticols=\count277
\mult@box=\box55
\multicol@leftmargin=\dimen160
\c@unbalance=\count278
\c@collectmore=\count279
\doublecol@number=\count280
\multicoltolerance=\count281
\multicolpretolerance=\count282
\full@width=\dimen161
\page@free=\dimen162
\premulticols=\dimen163
\postmulticols=\dimen164
\multicolsep=\skip53
\multicolbaselineskip=\skip54
\partial@page=\box56
\last@line=\box57
\mc@boxedresult=\box58
\maxbalancingoverflow=\dimen165
\mult@rightbox=\box59
\mult@grightbox=\box60
\mult@firstbox=\box61
\mult@gfirstbox=\box62
\@tempa=\box63
\@tempa=\box64
\@tempa=\box65
\@tempa=\box66
\@tempa=\box67
\@tempa=\box68
\@tempa=\box69
\@tempa=\box70
\@tempa=\box71
\@tempa=\box72
\@tempa=\box73
\@tempa=\box74
\@tempa=\box75
\@tempa=\box76
\@tempa=\box77
\@tempa=\box78
\@tempa=\box79
\@tempa=\box80
\@tempa=\box81
\@tempa=\box82
\@tempa=\box83
\@tempa=\box84
\@tempa=\box85
\@tempa=\box86
\@tempa=\box87
\@tempa=\box88
\@tempa=\box89
\@tempa=\box90
\@tempa=\box91
\@tempa=\box92
\@tempa=\box93
\@tempa=\box94
\@tempa=\box95
\@tempa=\box96
\@tempa=\box97
\@tempa=\box98
\c@minrows=\count283
\c@columnbadness=\count284
\c@finalcolumnbadness=\count285
\last@try=\dimen166
\multicolovershoot=\dimen167
\multicolundershoot=\dimen168
\mult@nat@firstbox=\box99
\colbreak@box=\box100
\mc@col@check@num=\count286
) (C:\Users\zsong\AppData\Local\Programs\MiKTeX\tex/latex/l3backend\l3backend-pdftex.def
File: l3backend-pdftex.def 2024-01-04 L3 backend support: PDF output (pdfTeX)
\l__color_backend_stack_int=\count287
\l__pdf_internal_box=\box101
) (main.aux)
\openout1 = `main.aux'.

LaTeX Font Info:    Checking defaults for OML/cmm/m/it on input line 11.
LaTeX Font Info:    ... okay on input line 11.
LaTeX Font Info:    Checking defaults for OMS/cmsy/m/n on input line 11.
LaTeX Font Info:    ... okay on input line 11.
LaTeX Font Info:    Checking defaults for OT1/cmr/m/n on input line 11.
LaTeX Font Info:    ... okay on input line 11.
LaTeX Font Info:    Checking defaults for T1/cmr/m/n on input line 11.
LaTeX Font Info:    ... okay on input line 11.
LaTeX Font Info:    Checking defaults for TS1/cmr/m/n on input line 11.
LaTeX Font Info:    ... okay on input line 11.
LaTeX Font Info:    Checking defaults for OMX/cmex/m/n on input line 11.
LaTeX Font Info:    ... okay on input line 11.
LaTeX Font Info:    Checking defaults for U/cmr/m/n on input line 11.
LaTeX Font Info:    ... okay on input line 11.

*geometry* driver: auto-detecting
*geometry* detected driver: pdftex
*geometry* verbose mode - [ preamble ] result:
* driver: pdftex
* paper: <default>
* layout: <same size as paper>
* layoutoffset:(h,v)=(0.0pt,0.0pt)
* modes: 
* h-part:(L,W,R)=(72.26999pt, 469.75502pt, 72.26999pt)
* v-part:(T,H,B)=(72.26999pt, 650.43001pt, 72.26999pt)
* \paperwidth=614.295pt
* \paperheight=794.96999pt
* \textwidth=469.75502pt
* \textheight=650.43001pt
* \oddsidemargin=0.0pt
* \evensidemargin=0.0pt
* \topmargin=-37.0pt
* \headheight=12.0pt
* \headsep=25.0pt
* \topskip=12.0pt
* \footskip=30.0pt
* \marginparwidth=44.0pt
* \marginparsep=10.0pt
* \columnsep=10.0pt
* \skip\footins=10.8pt plus 4.0pt minus 2.0pt
* \hoffset=0.0pt
* \voffset=0.0pt
* \mag=1000
* \@twocolumnfalse
* \@twosidefalse
* \@mparswitchfalse
* \@reversemarginfalse
* (1in=72.27pt=25.4mm, 1cm=28.453pt)

(C:\Users\zsong\AppData\Local\Programs\MiKTeX\tex/context/base/mkii\supp-pdf.mkii
[Loading MPS to PDF converter (version 2006.09.02).]
\scratchcounter=\count288
\scratchdimen=\dimen169
\scratchbox=\box102
\nofMPsegments=\count289
\nofMParguments=\count290
\everyMPshowfont=\toks27
\MPscratchCnt=\count291
\MPscratchDim=\dimen170
\MPnumerator=\count292
\makeMPintoPDFobject=\count293
\everyMPtoPDFconversion=\toks28
) (C:\Users\zsong\AppData\Local\Programs\MiKTeX\tex/latex/epstopdf-pkg\epstopdf-base.sty
Package: epstopdf-base 2020-01-24 v2.11 Base part for package epstopdf
Package epstopdf-base Info: Redefining graphics rule for `.eps' on input line 485.
 (C:\Users\zsong\AppData\Local\Programs\MiKTeX\tex/latex/00miktex\epstopdf-sys.cfg
File: epstopdf-sys.cfg 2021/03/18 v2.0 Configuration of epstopdf for MiKTeX
))
LaTeX Font Info:    Trying to load font information for U+msa on input line 16.
 (C:\Users\zsong\AppData\Local\Programs\MiKTeX\tex/latex/amsfonts\umsa.fd
File: umsa.fd 2013/01/14 v3.01 AMS symbols A
)
LaTeX Font Info:    Trying to load font information for U+msb on input line 16.
 (C:\Users\zsong\AppData\Local\Programs\MiKTeX\tex/latex/amsfonts\umsb.fd
File: umsb.fd 2013/01/14 v3.01 AMS symbols B
) [1

{C:/Users/zsong/AppData/Local/MiKTeX/fonts/map/pdftex/pdftex.map}]
<Magnetic Field.png, id=14, 1162.3425pt x 658.46pt>
File: Magnetic Field.png Graphic file (type png)
<use Magnetic Field.png>
Package pdftex.def Info: Magnetic Field.png  used on input line 54.
(pdftex.def)             Requested size: 281.85587pt x 159.67133pt.

Overfull \hbox (51.97836pt too wide) in paragraph at lines 54--55
 [][] 
 []

<Horseshoe.png, id=16, 903.375pt x 903.375pt>
File: Horseshoe.png Graphic file (type png)
<use Horseshoe.png>
Package pdftex.def Info: Horseshoe.png  used on input line 58.
(pdftex.def)             Requested size: 159.71498pt x 159.70576pt.

Underfull \hbox (badness 10000) in paragraph at lines 60--63

 []


Underfull \hbox (badness 10000) in paragraph at lines 68--69

 []


Underfull \hbox (badness 10000) in paragraph at lines 68--69

 []

[2 <./Magnetic Field.png> <./Horseshoe.png>]
Underfull \hbox (badness 10000) in paragraph at lines 71--73

 []


Underfull \hbox (badness 10000) in paragraph at lines 73--77

 []


Underfull \hbox (badness 10000) in paragraph at lines 73--77

 []

<RHR.png, id=23, 338.4645pt x 336.0555pt>
File: RHR.png Graphic file (type png)
<use RHR.png>
Package pdftex.def Info: RHR.png  used on input line 82.
(pdftex.def)             Requested size: 140.92793pt x 139.92705pt.

Underfull \hbox (badness 10000) in paragraph at lines 91--95

 []


Underfull \hbox (badness 10000) in paragraph at lines 91--95

 []


Underfull \hbox (badness 10000) in paragraph at lines 91--95

 []

[3 <./RHR.png>]
<Wien.jpg, id=28, 3276.24pt x 970.62625pt>
File: Wien.jpg Graphic file (type jpg)
<use Wien.jpg>
Package pdftex.def Info: Wien.jpg  used on input line 102.
(pdftex.def)             Requested size: 328.82707pt x 97.40895pt.

Underfull \hbox (badness 10000) in paragraph at lines 97--103

 []


Underfull \hbox (badness 10000) in paragraph at lines 97--103

 []

<Mass Spec.jpg, id=29, 2477.255pt x 1434.35875pt>
File: Mass Spec.jpg Graphic file (type jpg)
<use Mass Spec.jpg>
Package pdftex.def Info: Mass Spec.jpg  used on input line 114.
(pdftex.def)             Requested size: 187.89914pt x 108.77602pt.

Underfull \hbox (badness 10000) in paragraph at lines 108--115

 []


Underfull \hbox (badness 10000) in paragraph at lines 108--115

 []

[4 <./Wien.jpg> <./Mass Spec.jpg>]
<Mass Spec full.jpg, id=33, 3229.06375pt x 1219.55624pt>
File: Mass Spec full.jpg Graphic file (type jpg)
<use Mass Spec full.jpg>
Package pdftex.def Info: Mass Spec full.jpg  used on input line 127.
(pdftex.def)             Requested size: 422.77664pt x 159.66441pt.
<Diff Charges.jpg, id=34, 2068.72874pt x 1534.73375pt>
File: Diff Charges.jpg Graphic file (type jpg)
<use Diff Charges.jpg>
Package pdftex.def Info: Diff Charges.jpg  used on input line 132.
(pdftex.def)             Requested size: 164.41711pt x 121.96156pt.
 [5 <./Mass Spec full.jpg> <./Diff Charges.jpg>]
<Deflection.jpg, id=38, 2939.98375pt x 1359.0775pt>
File: Deflection.jpg Graphic file (type jpg)
<use Deflection.jpg>
Package pdftex.def Info: Deflection.jpg  used on input line 139.
(pdftex.def)             Requested size: 281.85587pt x 130.27502pt.

Underfull \hbox (badness 10000) in paragraph at lines 135--140

 []

<CRT.png, id=39, 835.32076pt x 352.9185pt>
File: CRT.png Graphic file (type png)
<use CRT.png>
Package pdftex.def Info: CRT.png  used on input line 152.
(pdftex.def)             Requested size: 281.85587pt x 119.08061pt.
[6 <./Deflection.jpg> <./CRT.png>]
<Hall Effect.jpg, id=44, 3073.4825pt x 1839.87375pt>
File: Hall Effect.jpg Graphic file (type jpg)
<use Hall Effect.jpg>
Package pdftex.def Info: Hall Effect.jpg  used on input line 164.
(pdftex.def)             Requested size: 281.85587pt x 168.7258pt.

Underfull \hbox (badness 10000) in paragraph at lines 160--165

 []

[7 <./Hall Effect.jpg>]
Underfull \hbox (badness 10000) in paragraph at lines 178--181

 []


Underfull \hbox (badness 10000) in paragraph at lines 178--181

 []

<Helical.png, id=49, 2607.7425pt x 1354.05875pt>
File: Helical.png Graphic file (type png)
<use Helical.png>
Package pdftex.def Info: Helical.png  used on input line 192.
(pdftex.def)             Requested size: 305.33789pt x 158.53374pt.

Underfull \hbox (badness 10000) in paragraph at lines 185--193

 []


Underfull \hbox (badness 10000) in paragraph at lines 185--193

 []

[8 <./Helical.png>]
<Mag Mirror.png, id=54, 1650.165pt x 704.6325pt>
File: Mag Mirror.png Graphic file (type png)
<use Mag Mirror.png>
Package pdftex.def Info: Mag Mirror.png  used on input line 206.
(pdftex.def)             Requested size: 328.82707pt x 140.40791pt.

Underfull \hbox (badness 10000) in paragraph at lines 200--207

 []


Underfull \hbox (badness 10000) in paragraph at lines 208--210

 []

[9 <./Mag Mirror.png>]
<Cyclotron.png, id=59, 603.4545pt x 648.62325pt>
File: Cyclotron.png Graphic file (type png)
<use Cyclotron.png>
Package pdftex.def Info: Cyclotron.png  used on input line 215.
(pdftex.def)             Requested size: 164.41711pt x 176.72406pt.

Underfull \hbox (badness 10000) in paragraph at lines 211--216

 []


Underfull \hbox (badness 10000) in paragraph at lines 219--222

 []

[10 <./Cyclotron.png>]
<Wire.png, id=64, 879.88725pt x 613.69275pt>
File: Wire.png Graphic file (type png)
<use Wire.png>
Package pdftex.def Info: Wire.png  used on input line 228.
(pdftex.def)             Requested size: 234.8775pt x 163.81705pt.

Underfull \hbox (badness 10000) in paragraph at lines 223--229

 []


Underfull \hbox (badness 10000) in paragraph at lines 223--229

 []


Underfull \hbox (badness 10000) in paragraph at lines 231--233

 []


Underfull \hbox (badness 10000) in paragraph at lines 239--242

 []

[11 <./Wire.png>]
<Torque.png, id=69, 777.50475pt x 539.01375pt>
File: Torque.png Graphic file (type png)
<use Torque.png>
Package pdftex.def Info: Torque.png  used on input line 250.
(pdftex.def)             Requested size: 187.89914pt x 130.26242pt.

Underfull \hbox (badness 10000) in paragraph at lines 245--251

 []

<Torque 1.jpg, id=70, 3172.85374pt x 1171.37625pt>
File: Torque 1.jpg Graphic file (type jpg)
<use Torque 1.jpg>
Package pdftex.def Info: Torque 1.jpg  used on input line 256.
(pdftex.def)             Requested size: 422.77664pt x 156.07349pt.
<RHR 2.png, id=71, 392.06474pt x 376.40625pt>
File: RHR 2.png Graphic file (type png)
<use RHR 2.png>
Package pdftex.def Info: RHR 2.png  used on input line 261.
(pdftex.def)             Requested size: 159.71498pt x 153.33392pt.

Underfull \hbox (badness 10000) in paragraph at lines 263--265

 []

[12 <./Torque.png> <./Torque 1.jpg> <./RHR 2.png>]
Underfull \hbox (badness 10000) in paragraph at lines 274--277

 []

[13]
Underfull \hbox (badness 10000) in paragraph at lines 280--282

 []


Underfull \hbox (badness 10000) in paragraph at lines 282--285

 []

<Potential.png, id=81, 491.436pt x 355.3275pt>
File: Potential.png Graphic file (type png)
<use Potential.png>
Package pdftex.def Info: Potential.png  used on input line 291.
(pdftex.def)             Requested size: 140.92793pt x 101.89832pt.

Underfull \hbox (badness 10000) in paragraph at lines 293--296

 []


Underfull \hbox (badness 10000) in paragraph at lines 293--296

 []

[14 <./Potential.png>]
<Biot Savart.jpg, id=86, 2949.0175pt x 1801.73125pt>
File: Biot Savart.jpg Graphic file (type jpg)
<use Biot Savart.jpg>
Package pdftex.def Info: Biot Savart.jpg  used on input line 305.
(pdftex.def)             Requested size: 234.8775pt x 143.48163pt.

Overfull \hbox (19.68735pt too wide) in paragraph at lines 305--306
 [][] 
 []


Underfull \hbox (badness 10000) in paragraph at lines 319--321

 []

<RHR 3.png, id=87, 670.9065pt x 898.557pt>
File: RHR 3.png Graphic file (type png)
<use RHR 3.png>
Package pdftex.def Info: RHR 3.png  used on input line 326.
(pdftex.def)             Requested size: 93.94957pt x 125.82454pt.

Overfull \vbox (35.39702pt too high) has occurred while \output is active []


Overfull \vbox (35.39702pt too high) has occurred while \output is active []

 [15 <./Biot Savart.jpg> <./RHR 3.png>]
<Long Wire.jpg, id=92, 2396.955pt x 2550.52875pt>
File: Long Wire.jpg Graphic file (type jpg)
<use Long Wire.jpg>
Package pdftex.def Info: Long Wire.jpg  used on input line 337.
(pdftex.def)             Requested size: 187.89914pt x 199.92117pt.
 [16 <./Long Wire.jpg>]
<Loop.jpg, id=96, 2404.985pt x 1684.2925pt>
File: Loop.jpg Graphic file (type jpg)
<use Loop.jpg>
Package pdftex.def Info: Loop.jpg  used on input line 364.
(pdftex.def)             Requested size: 234.8775pt x 164.48128pt.
<Unit circle.jpg, id=97, 2095.83pt x 1820.8025pt>
File: Unit circle.jpg Graphic file (type jpg)
<use Unit circle.jpg>
Package pdftex.def Info: Unit circle.jpg  used on input line 375.
(pdftex.def)             Requested size: 140.92793pt x 122.41266pt.
 [17 <./Loop.jpg> <./Unit circle.jpg>]
Overfull \hbox (13.03024pt too wide) in paragraph at lines 411--412
[]\OT1/cmr/m/n/12 Test whether a given ar-range-ment of prop-a-gat-ing elec-tro-mag-netic fields sat-is-fies Maxwell's
 []

[18] [19] (main.aux)
 ***********
LaTeX2e <2023-11-01> patch level 1
L3 programming layer <2024-01-04>
 ***********
 ) 
Here is how much of TeX's memory you used:
 3571 strings out of 474486
 53917 string characters out of 5743755
 1937542 words of memory out of 5000000
 25824 multiletter control sequences out of 15000+600000
 566773 words of font info for 67 fonts, out of 8000000 for 9000
 1141 hyphenation exceptions out of 8191
 57i,10n,65p,626b,394s stack positions out of 10000i,1000n,20000p,200000b,200000s
 <C:\Users\zsong\AppData\Local\MiKTeX\fonts/pk/ljfour/jknappen/ec/dpi600\tcrm1200.pk><C:/Users/zsong/AppData/Local/Programs/MiKTeX/fonts/type1/public/amsfonts/cm/cmbx12.pfb><C:/Users/zsong/AppData/Local/Programs/MiKTeX/fonts/type1/public/amsfonts/cm/cmex10.pfb><C:/Users/zsong/AppData/Local/Programs/MiKTeX/fonts/type1/public/amsfonts/cm/cmmi12.pfb><C:/Users/zsong/AppData/Local/Programs/MiKTeX/fonts/type1/public/amsfonts/cm/cmmi8.pfb><C:/Users/zsong/AppData/Local/Programs/MiKTeX/fonts/type1/public/amsfonts/cm/cmr12.pfb><C:/Users/zsong/AppData/Local/Programs/MiKTeX/fonts/type1/public/amsfonts/cm/cmr6.pfb><C:/Users/zsong/AppData/Local/Programs/MiKTeX/fonts/type1/public/amsfonts/cm/cmr8.pfb><C:/Users/zsong/AppData/Local/Programs/MiKTeX/fonts/type1/public/amsfonts/cm/cmsy10.pfb><C:/Users/zsong/AppData/Local/Programs/MiKTeX/fonts/type1/public/amsfonts/cm/cmsy8.pfb><C:/Users/zsong/AppData/Local/Programs/MiKTeX/fonts/type1/public/amsfonts/cm/cmti12.pfb>
Output written on main.pdf (19 pages, 9034007 bytes).
PDF statistics:
 154 PDF objects out of 1000 (max. 8388607)
 0 named destinations out of 1000 (max. 500000)
 116 words of extra memory for PDF output out of 10000 (max. 10000000)

