This is pdfTeX, Version 3.141592653-2.6-1.40.25 (MiKTeX 24.1) (preloaded format=pdflatex 2025.9.19)  14 DEC 2025 11:39
entering extended mode
 restricted \write18 enabled.
 file:line:error style messages enabled.
 %&-line parsing enabled.
**c:/Users/zsong/OneDrive/Desktop/LaTex/Dynamics/FINAL/main.tex
(c:/Users/zsong/OneDrive/Desktop/LaTex/Dynamics/FINAL/main.tex
LaTeX2e <2023-11-01> patch level 1
L3 programming layer <2024-01-04>
(C:\Users\zsong\AppData\Local\Programs\MiKTeX\tex/latex/base\article.cls
Document Class: article 2023/05/17 v1.4n Standard LaTeX document class
(C:\Users\zsong\AppData\Local\Programs\MiKTeX\tex/latex/base\size12.clo
File: size12.clo 2023/05/17 v1.4n Standard LaTeX file (size option)
)
\c@part=\count187
\c@section=\count188
\c@subsection=\count189
\c@subsubsection=\count190
\c@paragraph=\count191
\c@subparagraph=\count192
\c@figure=\count193
\c@table=\count194
\abovecaptionskip=\skip48
\belowcaptionskip=\skip49
\bibindent=\dimen140
) (C:\Users\zsong\AppData\Local\Programs\MiKTeX\tex/latex/amsfonts\amssymb.sty
Package: amssymb 2013/01/14 v3.01 AMS font symbols
 (C:\Users\zsong\AppData\Local\Programs\MiKTeX\tex/latex/amsfonts\amsfonts.sty
Package: amsfonts 2013/01/14 v3.01 Basic AMSFonts support
\@emptytoks=\toks17
\symAMSa=\mathgroup4
\symAMSb=\mathgroup5
LaTeX Font Info:    Redeclaring math symbol \hbar on input line 98.
LaTeX Font Info:    Overwriting math alphabet `\mathfrak' in version `bold'
(Font)                  U/euf/m/n --> U/euf/b/n on input line 106.
)) (C:\Users\zsong\AppData\Local\Programs\MiKTeX\tex/latex/geometry\geometry.sty
Package: geometry 2020/01/02 v5.9 Page Geometry
 (C:\Users\zsong\AppData\Local\Programs\MiKTeX\tex/latex/graphics\keyval.sty
Package: keyval 2022/05/29 v1.15 key=value parser (DPC)
\KV@toks@=\toks18
) (C:\Users\zsong\AppData\Local\Programs\MiKTeX\tex/generic/iftex\ifvtex.sty
Package: ifvtex 2019/10/25 v1.7 ifvtex legacy package. Use iftex instead.
 (C:\Users\zsong\AppData\Local\Programs\MiKTeX\tex/generic/iftex\iftex.sty
Package: iftex 2022/02/03 v1.0f TeX engine tests
))
\Gm@cnth=\count195
\Gm@cntv=\count196
\c@Gm@tempcnt=\count197
\Gm@bindingoffset=\dimen141
\Gm@wd@mp=\dimen142
\Gm@odd@mp=\dimen143
\Gm@even@mp=\dimen144
\Gm@layoutwidth=\dimen145
\Gm@layoutheight=\dimen146
\Gm@layouthoffset=\dimen147
\Gm@layoutvoffset=\dimen148
\Gm@dimlist=\toks19
 (C:\Users\zsong\AppData\Local\Programs\MiKTeX\tex/latex/geometry\geometry.cfg)) (C:\Users\zsong\AppData\Local\Programs\MiKTeX\tex/latex/amsmath\amsmath.sty
Package: amsmath 2023/05/13 v2.17o AMS math features
\@mathmargin=\skip50

For additional information on amsmath, use the `?' option.
(C:\Users\zsong\AppData\Local\Programs\MiKTeX\tex/latex/amsmath\amstext.sty
Package: amstext 2021/08/26 v2.01 AMS text
 (C:\Users\zsong\AppData\Local\Programs\MiKTeX\tex/latex/amsmath\amsgen.sty
File: amsgen.sty 1999/11/30 v2.0 generic functions
\@emptytoks=\toks20
\ex@=\dimen149
)) (C:\Users\zsong\AppData\Local\Programs\MiKTeX\tex/latex/amsmath\amsbsy.sty
Package: amsbsy 1999/11/29 v1.2d Bold Symbols
\pmbraise@=\dimen150
) (C:\Users\zsong\AppData\Local\Programs\MiKTeX\tex/latex/amsmath\amsopn.sty
Package: amsopn 2022/04/08 v2.04 operator names
)
\inf@bad=\count198
LaTeX Info: Redefining \frac on input line 234.
\uproot@=\count199
\leftroot@=\count266
LaTeX Info: Redefining \overline on input line 399.
LaTeX Info: Redefining \colon on input line 410.
\classnum@=\count267
\DOTSCASE@=\count268
LaTeX Info: Redefining \ldots on input line 496.
LaTeX Info: Redefining \dots on input line 499.
LaTeX Info: Redefining \cdots on input line 620.
\Mathstrutbox@=\box51
\strutbox@=\box52
LaTeX Info: Redefining \big on input line 722.
LaTeX Info: Redefining \Big on input line 723.
LaTeX Info: Redefining \bigg on input line 724.
LaTeX Info: Redefining \Bigg on input line 725.
\big@size=\dimen151
LaTeX Font Info:    Redeclaring font encoding OML on input line 743.
LaTeX Font Info:    Redeclaring font encoding OMS on input line 744.
\macc@depth=\count269
LaTeX Info: Redefining \bmod on input line 905.
LaTeX Info: Redefining \pmod on input line 910.
LaTeX Info: Redefining \smash on input line 940.
LaTeX Info: Redefining \relbar on input line 970.
LaTeX Info: Redefining \Relbar on input line 971.
\c@MaxMatrixCols=\count270
\dotsspace@=\muskip16
\c@parentequation=\count271
\dspbrk@lvl=\count272
\tag@help=\toks21
\row@=\count273
\column@=\count274
\maxfields@=\count275
\andhelp@=\toks22
\eqnshift@=\dimen152
\alignsep@=\dimen153
\tagshift@=\dimen154
\tagwidth@=\dimen155
\totwidth@=\dimen156
\lineht@=\dimen157
\@envbody=\toks23
\multlinegap=\skip51
\multlinetaggap=\skip52
\mathdisplay@stack=\toks24
LaTeX Info: Redefining \[ on input line 2953.
LaTeX Info: Redefining \] on input line 2954.
) (C:\Users\zsong\AppData\Local\Programs\MiKTeX\tex/latex/tools\bm.sty
Package: bm 2023/07/08 v1.2f Bold Symbol Support (DPC/FMi)
\symboldoperators=\mathgroup6
\symboldletters=\mathgroup7
\symboldsymbols=\mathgroup8
Package bm Info: No bold for \OMX/cmex/m/n, using \pmb.
Package bm Info: No bold for \U/msa/m/n, using \pmb.
Package bm Info: No bold for \U/msb/m/n, using \pmb.
LaTeX Font Info:    Redeclaring math alphabet \mathbf on input line 149.
) (C:\Users\zsong\AppData\Local\Programs\MiKTeX\tex/latex/graphics\graphicx.sty
Package: graphicx 2021/09/16 v1.2d Enhanced LaTeX Graphics (DPC,SPQR)
 (C:\Users\zsong\AppData\Local\Programs\MiKTeX\tex/latex/graphics\graphics.sty
Package: graphics 2022/03/10 v1.4e Standard LaTeX Graphics (DPC,SPQR)
 (C:\Users\zsong\AppData\Local\Programs\MiKTeX\tex/latex/graphics\trig.sty
Package: trig 2021/08/11 v1.11 sin cos tan (DPC)
) (C:\Users\zsong\AppData\Local\Programs\MiKTeX\tex/latex/graphics-cfg\graphics.cfg
File: graphics.cfg 2016/06/04 v1.11 sample graphics configuration
)
Package graphics Info: Driver file: pdftex.def on input line 107.
 (C:\Users\zsong\AppData\Local\Programs\MiKTeX\tex/latex/graphics-def\pdftex.def
File: pdftex.def 2022/09/22 v1.2b Graphics/color driver for pdftex
))
\Gin@req@height=\dimen158
\Gin@req@width=\dimen159
) (C:\Users\zsong\AppData\Local\Programs\MiKTeX\tex/latex/float\float.sty
Package: float 2001/11/08 v1.3d Float enhancements (AL)
\c@float@type=\count276
\float@exts=\toks25
\float@box=\box53
\@float@everytoks=\toks26
\@floatcapt=\box54
) (C:\Users\zsong\AppData\Local\Programs\MiKTeX\tex/latex/tools\multicol.sty
Package: multicol 2023/03/30 v1.9f multicolumn formatting (FMi)
\c@tracingmulticols=\count277
\mult@box=\box55
\multicol@leftmargin=\dimen160
\c@unbalance=\count278
\c@collectmore=\count279
\doublecol@number=\count280
\multicoltolerance=\count281
\multicolpretolerance=\count282
\full@width=\dimen161
\page@free=\dimen162
\premulticols=\dimen163
\postmulticols=\dimen164
\multicolsep=\skip53
\multicolbaselineskip=\skip54
\partial@page=\box56
\last@line=\box57
\mc@boxedresult=\box58
\maxbalancingoverflow=\dimen165
\mult@rightbox=\box59
\mult@grightbox=\box60
\mult@firstbox=\box61
\mult@gfirstbox=\box62
\@tempa=\box63
\@tempa=\box64
\@tempa=\box65
\@tempa=\box66
\@tempa=\box67
\@tempa=\box68
\@tempa=\box69
\@tempa=\box70
\@tempa=\box71
\@tempa=\box72
\@tempa=\box73
\@tempa=\box74
\@tempa=\box75
\@tempa=\box76
\@tempa=\box77
\@tempa=\box78
\@tempa=\box79
\@tempa=\box80
\@tempa=\box81
\@tempa=\box82
\@tempa=\box83
\@tempa=\box84
\@tempa=\box85
\@tempa=\box86
\@tempa=\box87
\@tempa=\box88
\@tempa=\box89
\@tempa=\box90
\@tempa=\box91
\@tempa=\box92
\@tempa=\box93
\@tempa=\box94
\@tempa=\box95
\@tempa=\box96
\@tempa=\box97
\@tempa=\box98
\c@minrows=\count283
\c@columnbadness=\count284
\c@finalcolumnbadness=\count285
\last@try=\dimen166
\multicolovershoot=\dimen167
\multicolundershoot=\dimen168
\mult@nat@firstbox=\box99
\colbreak@box=\box100
\mc@col@check@num=\count286
) (C:\Users\zsong\AppData\Local\Programs\MiKTeX\tex/latex/pdfpages\pdfpages.sty
Package: pdfpages 2025/07/23 v0.6g Insert pages of external PDF documents (AM)
 (C:\Users\zsong\AppData\Local\Programs\MiKTeX\tex/latex/base\ifthen.sty
Package: ifthen 2022/04/13 v1.1d Standard LaTeX ifthen package (DPC)
) (C:\Users\zsong\AppData\Local\Programs\MiKTeX\tex/latex/tools\calc.sty
Package: calc 2023/07/08 v4.3 Infix arithmetic (KKT,FJ)
\calc@Acount=\count287
\calc@Bcount=\count288
\calc@Adimen=\dimen169
\calc@Bdimen=\dimen170
\calc@Askip=\skip55
\calc@Bskip=\skip56
LaTeX Info: Redefining \setlength on input line 80.
LaTeX Info: Redefining \addtolength on input line 81.
\calc@Ccount=\count289
\calc@Cskip=\skip57
) (C:\Users\zsong\AppData\Local\Programs\MiKTeX\tex/latex/eso-pic\eso-pic.sty
Package: eso-pic 2023/05/03 v3.0c eso-pic (RN)
\ESO@tempdima=\dimen171
\ESO@tempdimb=\dimen172
 (C:\Users\zsong\AppData\Local\Programs\MiKTeX\tex/latex/xcolor\xcolor.sty
Package: xcolor 2023/11/15 v3.01 LaTeX color extensions (UK)
 (C:\Users\zsong\AppData\Local\Programs\MiKTeX\tex/latex/graphics-cfg\color.cfg
File: color.cfg 2016/01/02 v1.6 sample color configuration
)
Package xcolor Info: Driver file: pdftex.def on input line 274.
 (C:\Users\zsong\AppData\Local\Programs\MiKTeX\tex/latex/graphics\mathcolor.ltx)
Package xcolor Info: Model `cmy' substituted by `cmy0' on input line 1350.
Package xcolor Info: Model `hsb' substituted by `rgb' on input line 1354.
Package xcolor Info: Model `RGB' extended on input line 1366.
Package xcolor Info: Model `HTML' substituted by `rgb' on input line 1368.
Package xcolor Info: Model `Hsb' substituted by `hsb' on input line 1369.
Package xcolor Info: Model `tHsb' substituted by `hsb' on input line 1370.
Package xcolor Info: Model `HSB' substituted by `hsb' on input line 1371.
Package xcolor Info: Model `Gray' substituted by `gray' on input line 1372.
Package xcolor Info: Model `wave' substituted by `hsb' on input line 1373.
)) (C:\Users\zsong\AppData\Local\Programs\MiKTeX\tex/latex/etoolbox\etoolbox.sty
Package: etoolbox 2020/10/05 v2.5k e-TeX tools for LaTeX (JAW)
\etb@tempcnta=\count290
)
\AM@pagewidth=\dimen173
\AM@pageheight=\dimen174
\AM@fboxrule=\dimen175
 (C:\Users\zsong\AppData\Local\Programs\MiKTeX\tex/latex/pdfpages\pppdftex.def
File: pppdftex.def 2025/07/23 v0.6g Pdfpages driver for pdfTeX (AM)
)
\pdfpages@includegraphics@status=\count291
\AM@pagebox=\box101
\AM@global@opts=\toks27
\AM@pagecnt=\count292
\AM@toc@title=\toks28
\AM@lof@heading=\toks29
\c@AM@survey=\count293
\AM@templatesizebox=\box102
) (C:\Users\zsong\AppData\Local\Programs\MiKTeX\tex/latex/l3backend\l3backend-pdftex.def
File: l3backend-pdftex.def 2024-01-04 L3 backend support: PDF output (pdfTeX)
\l__color_backend_stack_int=\count294
\l__pdf_internal_box=\box103
) (main.aux)
\openout1 = `main.aux'.

LaTeX Font Info:    Checking defaults for OML/cmm/m/it on input line 12.
LaTeX Font Info:    ... okay on input line 12.
LaTeX Font Info:    Checking defaults for OMS/cmsy/m/n on input line 12.
LaTeX Font Info:    ... okay on input line 12.
LaTeX Font Info:    Checking defaults for OT1/cmr/m/n on input line 12.
LaTeX Font Info:    ... okay on input line 12.
LaTeX Font Info:    Checking defaults for T1/cmr/m/n on input line 12.
LaTeX Font Info:    ... okay on input line 12.
LaTeX Font Info:    Checking defaults for TS1/cmr/m/n on input line 12.
LaTeX Font Info:    ... okay on input line 12.
LaTeX Font Info:    Checking defaults for OMX/cmex/m/n on input line 12.
LaTeX Font Info:    ... okay on input line 12.
LaTeX Font Info:    Checking defaults for U/cmr/m/n on input line 12.
LaTeX Font Info:    ... okay on input line 12.

*geometry* driver: auto-detecting
*geometry* detected driver: pdftex
*geometry* verbose mode - [ preamble ] result:
* driver: pdftex
* paper: <default>
* layout: <same size as paper>
* layoutoffset:(h,v)=(0.0pt,0.0pt)
* modes: 
* h-part:(L,W,R)=(72.26999pt, 469.75502pt, 72.26999pt)
* v-part:(T,H,B)=(72.26999pt, 650.43001pt, 72.26999pt)
* \paperwidth=614.295pt
* \paperheight=794.96999pt
* \textwidth=469.75502pt
* \textheight=650.43001pt
* \oddsidemargin=0.0pt
* \evensidemargin=0.0pt
* \topmargin=-37.0pt
* \headheight=12.0pt
* \headsep=25.0pt
* \topskip=12.0pt
* \footskip=30.0pt
* \marginparwidth=44.0pt
* \marginparsep=10.0pt
* \columnsep=10.0pt
* \skip\footins=10.8pt plus 4.0pt minus 2.0pt
* \hoffset=0.0pt
* \voffset=0.0pt
* \mag=1000
* \@twocolumnfalse
* \@twosidefalse
* \@mparswitchfalse
* \@reversemarginfalse
* (1in=72.27pt=25.4mm, 1cm=28.453pt)

(C:\Users\zsong\AppData\Local\Programs\MiKTeX\tex/context/base/mkii\supp-pdf.mkii
[Loading MPS to PDF converter (version 2006.09.02).]
\scratchcounter=\count295
\scratchdimen=\dimen176
\scratchbox=\box104
\nofMPsegments=\count296
\nofMParguments=\count297
\everyMPshowfont=\toks30
\MPscratchCnt=\count298
\MPscratchDim=\dimen177
\MPnumerator=\count299
\makeMPintoPDFobject=\count300
\everyMPtoPDFconversion=\toks31
) (C:\Users\zsong\AppData\Local\Programs\MiKTeX\tex/latex/epstopdf-pkg\epstopdf-base.sty
Package: epstopdf-base 2020-01-24 v2.11 Base part for package epstopdf
Package epstopdf-base Info: Redefining graphics rule for `.eps' on input line 485.
 (C:\Users\zsong\AppData\Local\Programs\MiKTeX\tex/latex/00miktex\epstopdf-sys.cfg
File: epstopdf-sys.cfg 2021/03/18 v2.0 Configuration of epstopdf for MiKTeX
)) (C:\Users\zsong\AppData\Local\Programs\MiKTeX\tex/latex/pdflscape\pdflscape.sty
Package: pdflscape 2022-10-27 v0.13 Display of landscape pages in PDF
 (C:\Users\zsong\AppData\Local\Programs\MiKTeX\tex/latex/pdflscape\pdflscape-nometadata.sty
Package: pdflscape-nometadata 2022-10-28 v0.13 Display of landscape pages in PDF (HO)
 (C:\Users\zsong\AppData\Local\Programs\MiKTeX\tex/latex/graphics\lscape.sty
Package: lscape 2020/05/28 v3.02 Landscape Pages (DPC)
)
Package pdflscape Info: Auto-detected driver: pdftex on input line 81.
))

pdfTeX warning: pdflatex (file ./ME200_FinalExam_Fall2025.pdf): PDF inclusion: found PDF version <1.7>, but at most version <1.5> allowed
<ME200_FinalExam_Fall2025.pdf, id=1, 614.295pt x 794.97pt>
File: ME200_FinalExam_Fall2025.pdf Graphic file (type pdf)
<use ME200_FinalExam_Fall2025.pdf>
Package pdftex.def Info: ME200_FinalExam_Fall2025.pdf  used on input line 13.
(pdftex.def)             Requested size: 614.29349pt x 794.96806pt.


pdfTeX warning: pdflatex (file ./ME200_FinalExam_Fall2025.pdf): PDF inclusion: found PDF version <1.7>, but at most version <1.5> allowed


pdfTeX warning: pdflatex (file ./ME200_FinalExam_Fall2025.pdf): PDF inclusion: found PDF version <1.7>, but at most version <1.5> allowed
<ME200_FinalExam_Fall2025.pdf, id=3, page=1, 614.295pt x 794.97pt>
File: ME200_FinalExam_Fall2025.pdf Graphic file (type pdf)
<use ME200_FinalExam_Fall2025.pdf, page 1>
Package pdftex.def Info: ME200_FinalExam_Fall2025.pdf , page1 used on input line 13.
(pdftex.def)             Requested size: 614.29349pt x 794.96806pt.
File: ME200_FinalExam_Fall2025.pdf Graphic file (type pdf)
<use ME200_FinalExam_Fall2025.pdf, page 1>
Package pdftex.def Info: ME200_FinalExam_Fall2025.pdf , page1 used on input line 13.
(pdftex.def)             Requested size: 614.58406pt x 795.3441pt.
File: ME200_FinalExam_Fall2025.pdf Graphic file (type pdf)
<use ME200_FinalExam_Fall2025.pdf, page 1>
Package pdftex.def Info: ME200_FinalExam_Fall2025.pdf , page1 used on input line 13.
(pdftex.def)             Requested size: 614.58406pt x 795.3441pt.
File: ME200_FinalExam_Fall2025.pdf Graphic file (type pdf)
<use ME200_FinalExam_Fall2025.pdf, page 1>
Package pdftex.def Info: ME200_FinalExam_Fall2025.pdf , page1 used on input line 13.
(pdftex.def)             Requested size: 614.58406pt x 795.3441pt.
File: ME200_FinalExam_Fall2025.pdf Graphic file (type pdf)
<use ME200_FinalExam_Fall2025.pdf, page 1>
Package pdftex.def Info: ME200_FinalExam_Fall2025.pdf , page1 used on input line 13.
(pdftex.def)             Requested size: 614.58406pt x 795.3441pt.
[1


 <./ME200_FinalExam_Fall2025.pdf>]

pdfTeX warning: pdflatex (file ./ME200_FinalExam_Fall2025.pdf): PDF inclusion: found PDF version <1.7>, but at most version <1.5> allowed
<ME200_FinalExam_Fall2025.pdf, id=49, page=2, 614.295pt x 794.97pt>
File: ME200_FinalExam_Fall2025.pdf Graphic file (type pdf)
<use ME200_FinalExam_Fall2025.pdf, page 2>
Package pdftex.def Info: ME200_FinalExam_Fall2025.pdf , page2 used on input line 13.
(pdftex.def)             Requested size: 614.58406pt x 795.3441pt.
File: ME200_FinalExam_Fall2025.pdf Graphic file (type pdf)
<use ME200_FinalExam_Fall2025.pdf, page 2>
Package pdftex.def Info: ME200_FinalExam_Fall2025.pdf , page2 used on input line 13.
(pdftex.def)             Requested size: 614.58406pt x 795.3441pt.
File: ME200_FinalExam_Fall2025.pdf Graphic file (type pdf)
<use ME200_FinalExam_Fall2025.pdf, page 2>
Package pdftex.def Info: ME200_FinalExam_Fall2025.pdf , page2 used on input line 13.
(pdftex.def)             Requested size: 614.58406pt x 795.3441pt.
[2

 <./ME200_FinalExam_Fall2025.pdf>]
<P1.png, id=63, 323.40825pt x 306.54526pt>
File: P1.png Graphic file (type png)
<use P1.png>
Package pdftex.def Info: P1.png  used on input line 18.
(pdftex.def)             Requested size: 234.8775pt x 222.63017pt.
LaTeX Font Info:    Trying to load font information for U+msa on input line 22.
 (C:\Users\zsong\AppData\Local\Programs\MiKTeX\tex/latex/amsfonts\umsa.fd
File: umsa.fd 2013/01/14 v3.01 AMS symbols A
)
LaTeX Font Info:    Trying to load font information for U+msb on input line 22.
 (C:\Users\zsong\AppData\Local\Programs\MiKTeX\tex/latex/amsfonts\umsb.fd
File: umsb.fd 2013/01/14 v3.01 AMS symbols B
)
<P1a.png, id=65, 392.667pt x 373.99725pt>
File: P1a.png Graphic file (type png)
<use P1a.png>
Package pdftex.def Info: P1a.png  used on input line 33.
(pdftex.def)             Requested size: 187.89914pt x 178.96878pt.
<P1a1.png, id=66, 201.75375pt x 176.45924pt>
File: P1a1.png Graphic file (type png)
<use P1a1.png>
Package pdftex.def Info: P1a1.png  used on input line 39.
(pdftex.def)             Requested size: 117.43875pt x 102.7153pt.

Overfull \hbox (5.69237pt too wide) detected at line 43
\OML/cmm/m/it/12 x[] \OT1/cmr/m/n/12 = []  =[]\OMS/cmsy/m/n/12 )  \OML/cmm/m/it/12 x[] \OT1/cmr/m/n/12 = 1\OML/cmm/m/it/12 :\OT1/cmr/m/n/12 9364\OML/cmm/m/it/12 m
 []


Underfull \hbox (badness 10000) in paragraph at lines 35--45

 []

[3{C:/Users/zsong/AppData/Local/MiKTeX/fonts/map/pdftex/pdftex.map} <./P1.png> <./P1a.png>] [4 <./P1a1.png>] [5] [6]
<P1b.png, id=92, 406.51875pt x 411.33675pt>
File: P1b.png Graphic file (type png)
<use P1b.png>
Package pdftex.def Info: P1b.png  used on input line 103.
(pdftex.def)             Requested size: 187.89914pt x 190.121pt.

Overfull \hbox (0.15381pt too wide) in paragraph at lines 105--108
\OT1/cmr/m/n/12 From part A, we know that the dis-tance $\OML/cmm/m/it/12 AB$ \OT1/cmr/m/n/12 is 1.9364m. Thus, the dis-tance $\OML/cmm/m/it/12 AC$ \OT1/cmr/m/n/12 is $2(1\OML/cmm/m/it/12 :\OT1/cmr/m/n/12 9364) =
 []


Underfull \hbox (badness 10000) in paragraph at lines 105--108

 []

[7 <./P1b.png>] [8] [9]
<P2.png, id=104, 425.79076pt x 398.6895pt>
File: P2.png Graphic file (type png)
<use P2.png>
Package pdftex.def Info: P2.png  used on input line 175.
(pdftex.def)             Requested size: 234.8775pt x 219.93083pt.

Underfull \hbox (badness 10000) in paragraph at lines 183--185

 []

[10 <./P2.png>]
<P2a.png, id=109, 660.66824pt x 295.70474pt>
File: P2a.png Graphic file (type png)
<use P2a.png>
Package pdftex.def Info: P2a.png  used on input line 197.
(pdftex.def)             Requested size: 375.80544pt x 168.20601pt.
<P2a1.png, id=110, 672.71326pt x 259.56975pt>
File: P2a1.png Graphic file (type png)
<use P2a1.png>
Package pdftex.def Info: P2a1.png  used on input line 204.
(pdftex.def)             Requested size: 375.80544pt x 145.00952pt.
 [11 <./P2a.png> <./P2a1.png>]
Underfull \hbox (badness 10000) in paragraph at lines 208--213

 []


Underfull \hbox (badness 10000) in paragraph at lines 208--213

 []

[12]
<P2c.png, id=120, 802.79926pt x 278.84175pt>
File: P2c.png Graphic file (type png)
<use P2c.png>
Package pdftex.def Info: P2c.png  used on input line 232.
(pdftex.def)             Requested size: 469.75502pt x 163.16643pt.

Underfull \hbox (badness 10000) in paragraph at lines 233--236

 []

[13 <./P2c.png>]
<P3.png, id=126, 443.85825pt x 374.5995pt>
File: P3.png Graphic file (type png)
<use P3.png>
Package pdftex.def Info: P3.png  used on input line 264.
(pdftex.def)             Requested size: 281.85587pt x 237.87947pt.
 [14 <./P3.png>]
Underfull \hbox (badness 10000) in paragraph at lines 276--279

 []

[15]
<P4.png, id=135, 567.3195pt x 444.4605pt>
File: P4.png Graphic file (type png)
<use P4.png>
Package pdftex.def Info: P4.png  used on input line 300.
(pdftex.def)             Requested size: 234.8775pt x 184.01363pt.
<P4aa.png, id=136, 690.78075pt x 434.8245pt>
File: P4aa.png Graphic file (type png)
<use P4aa.png>
Package pdftex.def Info: P4aa.png  used on input line 312.
(pdftex.def)             Requested size: 328.82707pt x 206.9883pt.
 [16 <./P4.png> <./P4aa.png>]
<P4a1.png, id=142, 539.616pt x 317.38576pt>
File: P4a1.png Graphic file (type png)
<use P4a1.png>
Package pdftex.def Info: P4a1.png  used on input line 318.
(pdftex.def)             Requested size: 328.82707pt x 193.4113pt.
<P4a2.png, id=143, 706.43925pt x 213.79875pt>
File: P4a2.png Graphic file (type png)
<use P4a2.png>
Package pdftex.def Info: P4a2.png  used on input line 323.
(pdftex.def)             Requested size: 469.75502pt x 142.16785pt.
 [17 <./P4a1.png> <./P4a2.png>]
<P4b.png, id=149, 604.05675pt x 305.34074pt>
File: P4b.png Graphic file (type png)
<use P4b.png>
Package pdftex.def Info: P4b.png  used on input line 349.
(pdftex.def)             Requested size: 375.80544pt x 189.9709pt.
 [18 <./P4b.png>] [19]
Underfull \hbox (badness 10000) in paragraph at lines 397--400

 []


Underfull \hbox (badness 10000) in paragraph at lines 408--411

 []


Underfull \hbox (badness 10000) in paragraph at lines 413--416

 []

[20] [21] [22] (main.aux)
 ***********
LaTeX2e <2023-11-01> patch level 1
L3 programming layer <2024-01-04>
 ***********
 ) 
Here is how much of TeX's memory you used:
 5234 strings out of 474486
 79667 string characters out of 5743755
 1945542 words of memory out of 5000000
 27445 multiletter control sequences out of 15000+600000
 566942 words of font info for 68 fonts, out of 8000000 for 9000
 1141 hyphenation exceptions out of 8191
 68i,17n,79p,335b,434s stack positions out of 10000i,1000n,20000p,200000b,200000s
 <C:\Users\zsong\AppData\Local\MiKTeX\fonts/pk/ljfour/jknappen/ec/dpi600\tcrm1200.pk><C:/Users/zsong/AppData/Local/Programs/MiKTeX/fonts/type1/public/amsfonts/cm/cmbx12.pfb><C:/Users/zsong/AppData/Local/Programs/MiKTeX/fonts/type1/public/amsfonts/cm/cmbx8.pfb><C:/Users/zsong/AppData/Local/Programs/MiKTeX/fonts/type1/public/amsfonts/cm/cmex10.pfb><C:/Users/zsong/AppData/Local/Programs/MiKTeX/fonts/type1/public/amsfonts/cm/cmmi12.pfb><C:/Users/zsong/AppData/Local/Programs/MiKTeX/fonts/type1/public/amsfonts/cm/cmmi6.pfb><C:/Users/zsong/AppData/Local/Programs/MiKTeX/fonts/type1/public/amsfonts/cm/cmmi8.pfb><C:/Users/zsong/AppData/Local/Programs/MiKTeX/fonts/type1/public/amsfonts/cm/cmr12.pfb><C:/Users/zsong/AppData/Local/Programs/MiKTeX/fonts/type1/public/amsfonts/cm/cmr8.pfb><C:/Users/zsong/AppData/Local/Programs/MiKTeX/fonts/type1/public/amsfonts/cm/cmsy10.pfb><C:/Users/zsong/AppData/Local/Programs/MiKTeX/fonts/type1/public/amsfonts/cm/cmsy8.pfb><C:/Users/zsong/AppData/Local/Programs/MiKTeX/fonts/type1/public/amsfonts/cm/cmti12.pfb><C:/Users/zsong/AppData/Local/Programs/MiKTeX/fonts/type1/public/amsfonts/cm/cmtt12.pfb>
Output written on main.pdf (22 pages, 1350884 bytes).
PDF statistics:
 222 PDF objects out of 1000 (max. 8388607)
 0 named destinations out of 1000 (max. 500000)
 91 words of extra memory for PDF output out of 10000 (max. 10000000)

